<?xml version="1.0" encoding="UTF-8"?>
<!-- Generated by org.testng.reporters.JUnitXMLReporter -->
<testsuite ignored="0" hostname="DESKTOP-7B4PQ9R" failures="0" tests="4" name="Default test" time="0.257" errors="0" timestamp="2023-11-02T13:25:44 IST">
  <testcase classname="demo.Priority" name="D" time="0.041"/>
  <testcase classname="demo.Priority" name="B" time="0.004"/>
  <testcase classname="demo.Priority" name="C" time="0.008"/>
  <testcase classname="demo.Priority" name="A" time="0.007"/>
</testsuite> <!-- Default test -->
